  Compiling CUDA source file ..\..\..\Common\CUDA\imgtoreconstruction_realtime.cu...
  Skipping CUDA source file ..\..\..\Common\CUDA\mask_backprojection.cu (excluded from build).
  Skipping CUDA source file ..\..\..\Common\CUDA\imgtoreconstruction.cu (excluded from build).
  Skipping CUDA source file ..\..\..\Common\CUDA\voxel_backprojection.cu (excluded from build).
  Skipping CUDA source file ..\..\..\Common\CUDA\IRN_TV_CGLS.cu (excluded from build).
  Skipping CUDA source file test.cu (excluded from build).
  
  E:\github_upload\boslab-v2\C++\MatandMexProject\MatandMexProject>"C:\Program Files\NVIDIA GPU Computing Toolkit\CUDA\v11.7\bin\nvcc.exe" -gencode=arch=compute_52,code=\"sm_52,compute_52\" --use-local-env -ccbin "C:\Program Files (x86)\Microsoft Visual Studio\2017\Community\VC\Tools\MSVC\14.16.27023\bin\HostX86\x64" -x cu   -I"E:\github_upload\boslab-v2\Common\MattoC++" -I"E:\github_upload\boslab-v2\Common\CUDA" -I"D:\Program Files\MATLAB\R2022b\extern\include\win64" -I"D:\Program Files\MATLAB\R2022b\extern\include" -I"C:\Program Files\NVIDIA GPU Computing Toolkit\CUDA\v11.7\include" -I"C:\Program Files\NVIDIA GPU Computing Toolkit\CUDA\v11.7\include"     --keep-dir x64\Release  -maxrregcount=0  --machine 64 --compile -cudart static    -D_MBCS -Xcompiler "/EHsc /W3 /nologo /O2 /Fdx64\Release\vc141.pdb /FS   /MD " -o E:\github_upload\boslab-v2\C++\MatandMexProject\MatandMexProject\x64\Release\imgtoreconstruction_realtime.cu.obj "E:\github_upload\boslab-v2\Common\CUDA\imgtoreconstruction_realtime.cu" 
E:\github_upload\boslab-v2\Common\CUDA\imgtoreconstruction_realtime.cu(701): warning #177-D: variable "safe_x" was declared but never referenced
  
E:\github_upload\boslab-v2\Common\CUDA\imgtoreconstruction_realtime.cu(886): warning #174-D: expression has no effect
  
E:\github_upload\boslab-v2\Common\CUDA\imgtoreconstruction_realtime.cu(1366): warning #2361-D: invalid narrowing conversion from "int" to "unsigned long long"
  
E:\github_upload\boslab-v2\Common\CUDA\imgtoreconstruction_realtime.cu(1367): warning #2361-D: invalid narrowing conversion from "int" to "unsigned long long"
  
E:\github_upload\boslab-v2\Common\CUDA\imgtoreconstruction_realtime.cu(1368): warning #2361-D: invalid narrowing conversion from "int" to "unsigned long long"
  
E:\github_upload\boslab-v2\Common\CUDA\imgtoreconstruction_realtime.cu(1059): warning #177-D: variable "gridSize_3Dproj" was declared but never referenced
  
E:\github_upload\boslab-v2\Common\CUDA\imgtoreconstruction_realtime.cu(1438): warning #177-D: variable "Px" was declared but never referenced
  
E:\github_upload\boslab-v2\Common\CUDA\imgtoreconstruction_realtime.cu(1438): warning #177-D: variable "Py" was declared but never referenced
  
E:\github_upload\boslab-v2\Common\CUDA\imgtoreconstruction_realtime.cu(1438): warning #177-D: variable "Pz" was declared but never referenced
  
E:\github_upload\boslab-v2\Common\CUDA\imgtoreconstruction_realtime.cu(1460): warning #550-D: variable "Pfinal" was set but never used
  
E:\github_upload\boslab-v2\Common\CUDA\imgtoreconstruction_realtime.cu(886): warning #174-D: expression has no effect
  
E:\github_upload\boslab-v2\Common\CUDA\imgtoreconstruction_realtime.cu(1366): warning #2361-D: invalid narrowing conversion from "int" to "unsigned long long"
  
E:\github_upload\boslab-v2\Common\CUDA\imgtoreconstruction_realtime.cu(1367): warning #2361-D: invalid narrowing conversion from "int" to "unsigned long long"
  
E:\github_upload\boslab-v2\Common\CUDA\imgtoreconstruction_realtime.cu(1368): warning #2361-D: invalid narrowing conversion from "int" to "unsigned long long"
  
  imgtoreconstruction_realtime.cu
E:/github_upload/boslab-v2/Common/CUDA/gpu_buffer_pool.h(276): warning C4018: “<”: 有符号/无符号不匹配
E:\github_upload\boslab-v2\Common\CUDA\imgtoreconstruction_realtime.cu(886): warning C4551: 缺少参数列表的函数调用
E:\github_upload\boslab-v2\Common\CUDA\imgtoreconstruction_realtime.cu(1056): warning C4267: “初始化”: 从“size_t”转换到“int”，可能丢失数据
E:\github_upload\boslab-v2\Common\CUDA\imgtoreconstruction_realtime.cu(1057): warning C4267: “初始化”: 从“size_t”转换到“int”，可能丢失数据
E:\github_upload\boslab-v2\Common\CUDA\imgtoreconstruction_realtime.cu(1058): warning C4267: “初始化”: 从“size_t”转换到“int”，可能丢失数据
E:\github_upload\boslab-v2\Common\CUDA\imgtoreconstruction_realtime.cu(1059): warning C4267: “初始化”: 从“size_t”转换到“int”，可能丢失数据
E:\github_upload\boslab-v2\Common\CUDA\imgtoreconstruction_realtime.cu(1099): warning C4267: “参数”: 从“size_t”转换到“int”，可能丢失数据
E:\github_upload\boslab-v2\Common\CUDA\imgtoreconstruction_realtime.cu(1104): warning C4267: “参数”: 从“size_t”转换到“int”，可能丢失数据
E:\github_upload\boslab-v2\Common\CUDA\imgtoreconstruction_realtime.cu(1120): warning C4018: “<”: 有符号/无符号不匹配
E:\github_upload\boslab-v2\Common\CUDA\imgtoreconstruction_realtime.cu(1142): warning C4267: “参数”: 从“size_t”转换到“int”，可能丢失数据
E:\github_upload\boslab-v2\Common\CUDA\imgtoreconstruction_realtime.cu(1148): warning C4267: “参数”: 从“size_t”转换到“int”，可能丢失数据
E:\github_upload\boslab-v2\Common\CUDA\imgtoreconstruction_realtime.cu(1180): warning C4267: “参数”: 从“size_t”转换到“int”，可能丢失数据
E:\github_upload\boslab-v2\Common\CUDA\imgtoreconstruction_realtime.cu(1182): warning C4267: “参数”: 从“size_t”转换到“int”，可能丢失数据
E:\github_upload\boslab-v2\Common\CUDA\imgtoreconstruction_realtime.cu(1189): warning C4267: “参数”: 从“size_t”转换到“int”，可能丢失数据
E:\github_upload\boslab-v2\Common\CUDA\imgtoreconstruction_realtime.cu(1211): warning C4267: “参数”: 从“size_t”转换到“int”，可能丢失数据
E:\github_upload\boslab-v2\Common\CUDA\imgtoreconstruction_realtime.cu(1217): warning C4267: “参数”: 从“size_t”转换到“int”，可能丢失数据
E:\github_upload\boslab-v2\Common\CUDA\imgtoreconstruction_realtime.cu(1235): warning C4267: “参数”: 从“size_t”转换到“int”，可能丢失数据
E:\github_upload\boslab-v2\Common\CUDA\imgtoreconstruction_realtime.cu(1251): warning C4267: “参数”: 从“size_t”转换到“int”，可能丢失数据
E:\github_upload\boslab-v2\Common\CUDA\imgtoreconstruction_realtime.cu(1255): warning C4267: “参数”: 从“size_t”转换到“int”，可能丢失数据
E:\github_upload\boslab-v2\Common\CUDA\imgtoreconstruction_realtime.cu(1270): warning C4018: “<”: 有符号/无符号不匹配
E:\github_upload\boslab-v2\Common\CUDA\imgtoreconstruction_realtime.cu(1295): warning C4267: “参数”: 从“size_t”转换到“int”，可能丢失数据
E:\github_upload\boslab-v2\Common\CUDA\imgtoreconstruction_realtime.cu(1302): warning C4267: “参数”: 从“size_t”转换到“int”，可能丢失数据
E:\github_upload\boslab-v2\Common\CUDA\imgtoreconstruction_realtime.cu(1320): warning C4267: “参数”: 从“size_t”转换到“int”，可能丢失数据
E:\github_upload\boslab-v2\Common\CUDA\imgtoreconstruction_realtime.cu(1365): warning C4838: 从“const int”转换到“mwSize”需要收缩转换
E:\github_upload\boslab-v2\Common\CUDA\imgtoreconstruction_realtime.cu(1438): warning C4101: “Pz”: 未引用的局部变量
E:\github_upload\boslab-v2\Common\CUDA\imgtoreconstruction_realtime.cu(1438): warning C4101: “Px”: 未引用的局部变量
E:\github_upload\boslab-v2\Common\CUDA\imgtoreconstruction_realtime.cu(1438): warning C4101: “Py”: 未引用的局部变量
  正在生成代码
  0 of 443 functions ( 0.0%) were compiled, the rest were copied from previous compilation.
    0 functions were new in current compilation
    0 functions had inline decision re-evaluated but remain unchanged
  已完成代码的生成
  MatandMexProject.vcxproj -> E:\github_upload\boslab-v2\C++\MatandMexProject\x64\Release\MatandMexProject.exe
